<?xml version="1.0" encoding="windows-1252" standalone="no"?>
<!DOCTYPE log SYSTEM "logger.dtd">
<log>
<record>
  <date>2020-08-21T12:19:03</date>
  <millis>1598026743024</millis>
  <sequence>0</sequence>
  <logger>com.javacodegeeks.snippets.core</logger>
  <level>SEVERE</level>
  <class>ArrayList.Loggerinfo</class>
  <method>main</method>
  <thread>1</thread>
  <message>severe message</message>
</record>
<record>
  <date>2020-08-21T12:19:03</date>
  <millis>1598026743069</millis>
  <sequence>1</sequence>
  <logger>com.javacodegeeks.snippets.core</logger>
  <level>WARNING</level>
  <class>ArrayList.Loggerinfo</class>
  <method>main</method>
  <thread>1</thread>
  <message>warning message</message>
</record>
<record>
  <date>2020-08-21T12:19:03</date>
  <millis>1598026743070</millis>
  <sequence>2</sequence>
  <logger>com.javacodegeeks.snippets.core</logger>
  <level>INFO</level>
  <class>ArrayList.Loggerinfo</class>
  <method>main</method>
  <thread>1</thread>
  <message>info message</message>
</record>
</log>
<?xml version="1.0" encoding="windows-1252" standalone="no"?>
<!DOCTYPE log SYSTEM "logger.dtd">
<log>
<record>
  <date>2020-08-21T12:21:02</date>
  <millis>1598026862633</millis>
  <sequence>0</sequence>
  <logger>com.javacodegeeks.snippets.core</logger>
  <level>SEVERE</level>
  <class>ArrayList.Loggerinfo</class>
  <method>main</method>
  <thread>1</thread>
  <message>severe message</message>
</record>
<record>
  <date>2020-08-21T12:21:02</date>
  <millis>1598026862718</millis>
  <sequence>1</sequence>
  <logger>com.javacodegeeks.snippets.core</logger>
  <level>WARNING</level>
  <class>ArrayList.Loggerinfo</class>
  <method>main</method>
  <thread>1</thread>
  <message>warning message</message>
</record>
<record>
  <date>2020-08-21T12:21:02</date>
  <millis>1598026862719</millis>
  <sequence>2</sequence>
  <logger>com.javacodegeeks.snippets.core</logger>
  <level>INFO</level>
  <class>ArrayList.Loggerinfo</class>
  <method>main</method>
  <thread>1</thread>
  <message>info message</message>
</record>
</log>
